Arguments: 
  D:\nodejs\node.exe C:\Users\Shaw\AppData\Roaming\npm\node_modules\yarn\bin\yarn.js add node-sass

PATH: 
  C:\Windows\system32;C:\Windows;C:\Windows\System32\Wbem;C:\Windows\System32\WindowsPowerShell\v1.0\;C:\Windows\System32\OpenSSH\;D:\Git\cmd;D:\nodejs\;C:\ProgramData\chocolatey\bin;D:\Python\Python39\Scripts\;D:\Python\Python39\;C:\Users\Shaw\AppData\Local\Microsoft\WindowsApps;;D:\Fiddler;C:\Users\Shaw\AppData\Roaming\npm;D:\Microsoft VS Code\bin

Yarn version: 
  1.22.10

Node version: 
  14.17.3

Platform: 
  win32 x64

Trace: 
  Error: EPERM: operation not permitted, unlink 'C:\Users\Shaw\Desktop\gitra\node_modules\esbuild\esbuild.exe'

npm manifest: 
  {
    "name": "gitra",
    "version": "0.0.0",
    "scripts": {
      "dev": "vite",
      "build": "tsc && vite build",
      "serve": "vite preview"
    },
    "dependencies": {
      "react": "^17.0.0",
      "react-dom": "^17.0.0"
    },
    "devDependencies": {
      "@types/react": "^17.0.0",
      "@types/react-dom": "^17.0.0",
      "@vitejs/plugin-react-refresh": "^1.3.1",
      "typescript": "^4.3.2",
      "vite": "^2.4.4"
    }
  }

yarn manifest: 
  No manifest

Lockfile: 
  No lockfile
